[debug] [2023-02-22T09:59:27.513Z] ----------------------------------------------------------------------
[debug] [2023-02-22T09:59:27.514Z] Command:       /Users/centr/.nvm/versions/node/v17.9.1/bin/node /Users/centr/.nvm/versions/node/v17.9.1/bin/firebase init
[debug] [2023-02-22T09:59:27.514Z] CLI Version:   11.23.1
[debug] [2023-02-22T09:59:27.514Z] Platform:      darwin
[debug] [2023-02-22T09:59:27.514Z] Node Version:  v17.9.1
[debug] [2023-02-22T09:59:27.514Z] Time:          Wed Feb 22 2023 11:59:27 GMT+0200 (Eastern European Standard Time)
[debug] [2023-02-22T09:59:27.515Z] ----------------------------------------------------------------------
[debug] 
[debug] [2023-02-22T09:59:27.516Z] >>> [apiv2][query] GET https://firebase-public.firebaseio.com/cli.json [none]
[debug] [2023-02-22T09:59:27.547Z] > command requires scopes: ["email","openid","https://www.googleapis.com/auth/cloudplatformprojects.readonly","https://www.googleapis.com/auth/firebase","https://www.googleapis.com/auth/cloud-platform"]
[debug] [2023-02-22T09:59:27.547Z] > authorizing via signed-in user (sergiymtv@gmail.com)
[info] 
     ######## #### ########  ######## ########     ###     ######  ########
     ##        ##  ##     ## ##       ##     ##  ##   ##  ##       ##
     ######    ##  ########  ######   ########  #########  ######  ######
     ##        ##  ##    ##  ##       ##     ## ##     ##       ## ##
     ##       #### ##     ## ######## ########  ##     ##  ######  ########

You're about to initialize a Firebase project in this directory:

  /Users/centr/Desktop/React/react-fitness-app

[debug] [2023-02-22T09:59:27.970Z] <<< [apiv2][status] GET https://firebase-public.firebaseio.com/cli.json 200
[debug] [2023-02-22T09:59:27.970Z] <<< [apiv2][body] GET https://firebase-public.firebaseio.com/cli.json {"cloudBuildErrorAfter":1594252800000,"cloudBuildWarnAfter":1590019200000,"defaultNode10After":1594252800000,"minVersion":"3.0.5","node8DeploysDisabledAfter":1613390400000,"node8RuntimeDisabledAfter":1615809600000,"node8WarnAfter":1600128000000}
[info] 
=== Project Setup
[info] 
[info] First, let's associate this project directory with a Firebase project.
[info] You can create multiple project aliases by running firebase use --add, 
[info] but for now we'll just set up a default project.
[info] 
[debug] [2023-02-22T09:59:48.438Z] > refreshing access token with scopes: []
[debug] [2023-02-22T09:59:48.440Z] >>> [apiv2][query] POST https://www.googleapis.com/oauth2/v3/token [none]
[debug] [2023-02-22T09:59:48.440Z] >>> [apiv2][body] POST https://www.googleapis.com/oauth2/v3/token [omitted]
[debug] [2023-02-22T09:59:48.713Z] <<< [apiv2][status] POST https://www.googleapis.com/oauth2/v3/token 200
[debug] [2023-02-22T09:59:48.713Z] <<< [apiv2][body] POST https://www.googleapis.com/oauth2/v3/token [omitted]
[debug] [2023-02-22T09:59:48.727Z] >>> [apiv2][query] GET https://firebase.googleapis.com/v1beta1/projects pageSize=100
[debug] [2023-02-22T09:59:49.334Z] <<< [apiv2][status] GET https://firebase.googleapis.com/v1beta1/projects 200
[debug] [2023-02-22T09:59:49.334Z] <<< [apiv2][body] GET https://firebase.googleapis.com/v1beta1/projects [omitted]
[info] i  Using project react-fitness-app-79578 (react-fitness-app) 
[info] 
=== Hosting Setup
[info] 
[info] Your public directory is the folder (relative to your project directory) that
[info] will contain Hosting assets to be uploaded with firebase deploy. If you
[info] have a build process for your assets, use your build's output directory.
[info] 
[debug] [2023-02-22T10:00:26.736Z] >>> [apiv2][query] GET https://www.gstatic.com/firebasejs/releases.json [none]
[debug] [2023-02-22T10:00:27.031Z] <<< [apiv2][status] GET https://www.gstatic.com/firebasejs/releases.json 200
[debug] [2023-02-22T10:00:27.031Z] <<< [apiv2][body] GET https://www.gstatic.com/firebasejs/releases.json {"current":{"version":"9.17.1","browserURL":"https://www.gstatic.com/firebasejs/9.17.1/firebase.js","packageURL":"https://www.gstatic.com/firebasejs/9.17.1/firebase.tgz"},"live":{"version":"9.17","browserURL":"https://www.gstatic.com/firebasejs/live/9.17/firebase.js","packageURL":"https://www.gstatic.com/firebasejs/live/9.17/firebase.tgz"},"components":{"analytics":"https://www.gstatic.com/firebasejs/9.17.1/firebase-analytics.js","app":"https://www.gstatic.com/firebasejs/9.17.1/firebase-app.js","app-check":"https://www.gstatic.com/firebasejs/9.17.1/firebase-app-check.js","auth":"https://www.gstatic.com/firebasejs/9.17.1/firebase-auth.js","auth/cordova":"https://www.gstatic.com/firebasejs/9.17.1/firebase-auth/cordova.js","auth/react-native":"https://www.gstatic.com/firebasejs/9.17.1/firebase-auth/react-native.js","functions":"https://www.gstatic.com/firebasejs/9.17.1/firebase-functions.js","firestore":"https://www.gstatic.com/firebasejs/9.17.1/firebase-firestore.js","firestore/lite":"https://www.gstatic.com/firebasejs/9.17.1/firebase-firestore/lite.js","installations":"https://www.gstatic.com/firebasejs/9.17.1/firebase-installations.js","storage":"https://www.gstatic.com/firebasejs/9.17.1/firebase-storage.js","performance":"https://www.gstatic.com/firebasejs/9.17.1/firebase-performance.js","remote-config":"https://www.gstatic.com/firebasejs/9.17.1/firebase-remote-config.js","messaging":"https://www.gstatic.com/firebasejs/9.17.1/firebase-messaging.js","messaging/sw":"https://www.gstatic.com/firebasejs/9.17.1/firebase-messaging/sw.js","database":"https://www.gstatic.com/firebasejs/9.17.1/firebase-database.js","firestore.memory":"https://www.gstatic.com/firebasejs/9.17.1/firebase-firestore.memory.js"}}
[info] i  Skipping write of build/index.html 
[info] 
[info] i  Detected a .git folder at /Users/centr/Desktop/React/react-fitness-app 
[info] i  Authorizing with GitHub to upload your service account to a GitHub repository's secrets store. 
[info] 
[info] Visit this URL on this device to log in:
[info] https://github.com/login/oauth/authorize?client_id=89cf50f02ac6aaed3484&state=774923453&redirect_uri=http%3A%2F%2Flocalhost%3A9005&scope=read%3Auser%20repo%20public_repo
[info] 
[info] Waiting for authentication...
[debug] [2023-02-22T10:00:33.234Z] >>> [apiv2][query] POST https://github.com/login/oauth/access_token [none]
[debug] [2023-02-22T10:00:33.235Z] >>> [apiv2][body] POST https://github.com/login/oauth/access_token [stream]
[debug] [2023-02-22T10:00:34.588Z] <<< [apiv2][status] POST https://github.com/login/oauth/access_token 200
[debug] [2023-02-22T10:00:34.592Z] <<< [apiv2][body] POST https://github.com/login/oauth/access_token {"access_token":"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","token_type":"bearer","scope":"read:user,repo"}
[debug] [2023-02-22T10:00:34.606Z] >>> [apiv2][query] GET https://api.github.com/user [none]
[debug] [2023-02-22T10:00:35.121Z] <<< [apiv2][status] GET https://api.github.com/user 200
[debug] [2023-02-22T10:00:35.121Z] <<< [apiv2][body] GET https://api.github.com/user {"login":"SergiyMatveyev","id":69638845,"node_id":"MDQ6VXNlcjY5NjM4ODQ1","avatar_url":"https://avatars.githubusercontent.com/u/69638845?v=4","gravatar_id":"","url":"https://api.github.com/users/SergiyMatveyev","html_url":"https://github.com/SergiyMatveyev","followers_url":"https://api.github.com/users/SergiyMatveyev/followers","following_url":"https://api.github.com/users/SergiyMatveyev/following{/other_user}","gists_url":"https://api.github.com/users/SergiyMatveyev/gists{/gist_id}","starred_url":"https://api.github.com/users/SergiyMatveyev/starred{/owner}{/repo}","subscriptions_url":"https://api.github.com/users/SergiyMatveyev/subscriptions","organizations_url":"https://api.github.com/users/SergiyMatveyev/orgs","repos_url":"https://api.github.com/users/SergiyMatveyev/repos","events_url":"https://api.github.com/users/SergiyMatveyev/events{/privacy}","received_events_url":"https://api.github.com/users/SergiyMatveyev/received_events","type":"User","site_admin":false,"name":"Sergiy","company":"http://vakoms.com/","blog":"","location":"Lviv","email":null,"hireable":null,"bio":null,"twitter_username":null,"public_repos":18,"public_gists":0,"followers":1,"following":0,"created_at":"2020-08-13T14:40:37Z","updated_at":"2023-02-10T20:19:12Z","private_gists":1,"total_private_repos":3,"owned_private_repos":3,"disk_usage":20041,"collaborators":0,"two_factor_authentication":false,"plan":{"name":"free","space":976562499,"collaborators":0,"private_repos":10000}}
[info] 
[info] ✔  Success! Logged into GitHub as SergiyMatveyev 
[info] 
[debug] [2023-02-22T10:01:00.055Z] >>> [apiv2][query] GET https://api.github.com/repos/SergiyMatveyev/react-fitness-app.git/actions/secrets/public-key type=owner
[debug] [2023-02-22T10:01:00.361Z] <<< [apiv2][status] GET https://api.github.com/repos/SergiyMatveyev/react-fitness-app.git/actions/secrets/public-key 404
[debug] [2023-02-22T10:01:00.362Z] <<< [apiv2][body] GET https://api.github.com/repos/SergiyMatveyev/react-fitness-app.git/actions/secrets/public-key {"message":"Not Found","documentation_url":"https://docs.github.com/rest/reference/actions#get-a-repository-public-key"}
[debug] [2023-02-22T10:01:48.708Z] >>> [apiv2][query] GET https://api.github.com/repos/SergiyMatveyev/react-fitness-app.git/actions/secrets/public-key type=owner
[debug] [2023-02-22T10:01:48.995Z] <<< [apiv2][status] GET https://api.github.com/repos/SergiyMatveyev/react-fitness-app.git/actions/secrets/public-key 404
[debug] [2023-02-22T10:01:48.995Z] <<< [apiv2][body] GET https://api.github.com/repos/SergiyMatveyev/react-fitness-app.git/actions/secrets/public-key {"message":"Not Found","documentation_url":"https://docs.github.com/rest/reference/actions#get-a-repository-public-key"}
[debug] [2023-02-22T10:01:51.314Z] >>> [apiv2][query] GET https://api.github.com/repos/SergiyMatveyev/react-fitness-app.git/actions/secrets/public-key type=owner
[debug] [2023-02-22T10:01:51.598Z] <<< [apiv2][status] GET https://api.github.com/repos/SergiyMatveyev/react-fitness-app.git/actions/secrets/public-key 404
[debug] [2023-02-22T10:01:51.598Z] <<< [apiv2][body] GET https://api.github.com/repos/SergiyMatveyev/react-fitness-app.git/actions/secrets/public-key {"message":"Not Found","documentation_url":"https://docs.github.com/rest/reference/actions#get-a-repository-public-key"}
[debug] [2023-02-22T10:01:56.823Z] >>> [apiv2][query] GET https://api.github.com/repos/SergiyMatveyev/react-fitness-app.git/actions/secrets/public-key type=owner
[debug] [2023-02-22T10:01:56.997Z] >>> [apiv2][query] GET https://api.github.com/repos//actions/secrets/public-key type=owner
[debug] [2023-02-22T10:01:57.062Z] <<< [apiv2][status] GET https://api.github.com/repos/SergiyMatveyev/react-fitness-app.git/actions/secrets/public-key 404
[debug] [2023-02-22T10:01:57.062Z] <<< [apiv2][body] GET https://api.github.com/repos/SergiyMatveyev/react-fitness-app.git/actions/secrets/public-key {"message":"Not Found","documentation_url":"https://docs.github.com/rest/reference/actions#get-a-repository-public-key"}
[debug] [2023-02-22T10:01:57.169Z] >>> [apiv2][query] GET https://api.github.com/repos/SergiyMatveyev/react-fitness-app.git/actions/secrets/public-key type=owner
[debug] [2023-02-22T10:01:57.253Z] <<< [apiv2][status] GET https://api.github.com/repos//actions/secrets/public-key 404
[debug] [2023-02-22T10:01:57.254Z] <<< [apiv2][body] GET https://api.github.com/repos//actions/secrets/public-key {"message":"Not Found","documentation_url":"https://docs.github.com/rest"}
[debug] [2023-02-22T10:01:57.357Z] >>> [apiv2][query] GET https://api.github.com/repos//actions/secrets/public-key type=owner
[debug] [2023-02-22T10:01:57.564Z] <<< [apiv2][status] GET https://api.github.com/repos/SergiyMatveyev/react-fitness-app.git/actions/secrets/public-key 404
[debug] [2023-02-22T10:01:57.564Z] <<< [apiv2][body] GET https://api.github.com/repos/SergiyMatveyev/react-fitness-app.git/actions/secrets/public-key {"message":"Not Found","documentation_url":"https://docs.github.com/rest/reference/actions#get-a-repository-public-key"}
[debug] [2023-02-22T10:01:57.726Z] <<< [apiv2][status] GET https://api.github.com/repos//actions/secrets/public-key 404
[debug] [2023-02-22T10:01:57.726Z] <<< [apiv2][body] GET https://api.github.com/repos//actions/secrets/public-key {"message":"Not Found","documentation_url":"https://docs.github.com/rest"}
[debug] [2023-02-22T10:01:58.528Z] >>> [apiv2][query] GET https://api.github.com/repos/SergiyMatveyev/react-fitness-app.git/actions/secrets/public-key type=owner
[debug] [2023-02-22T10:01:58.899Z] <<< [apiv2][status] GET https://api.github.com/repos/SergiyMatveyev/react-fitness-app.git/actions/secrets/public-key 404
[debug] [2023-02-22T10:01:58.899Z] <<< [apiv2][body] GET https://api.github.com/repos/SergiyMatveyev/react-fitness-app.git/actions/secrets/public-key {"message":"Not Found","documentation_url":"https://docs.github.com/rest/reference/actions#get-a-repository-public-key"}
[debug] [2023-02-22T10:01:59.876Z] >>> [apiv2][query] GET https://api.github.com/repos/SergiyMatveyev/react-fitness-app.git/actions/secrets/public-key type=owner
[debug] [2023-02-22T10:02:00.137Z] <<< [apiv2][status] GET https://api.github.com/repos/SergiyMatveyev/react-fitness-app.git/actions/secrets/public-key 404
[debug] [2023-02-22T10:02:00.137Z] <<< [apiv2][body] GET https://api.github.com/repos/SergiyMatveyev/react-fitness-app.git/actions/secrets/public-key {"message":"Not Found","documentation_url":"https://docs.github.com/rest/reference/actions#get-a-repository-public-key"}
